<?xml version="1.0" encoding="UTF-8"?>
<!-- Generated by org.testng.reporters.JUnitReportReporter -->
<testsuite hostname="LAPTOP-H6LHOJ5I" failures="0" tests="3" name="assignment.TcExecution" time="65.196" errors="0" timestamp="2024-11-25T10:11:57 IST" skipped="0">
  <testcase classname="assignment.TcExecution" name="TestCase4" time="53.317"/>
  <system-out/>
  <testcase classname="assignment.TcExecution" name="TestCase1" time="8.367"/>
  <system-out/>
  <testcase classname="assignment.TcExecution" name="TestCase3" time="3.512"/>
  <system-out/>
</testsuite> <!-- assignment.TcExecution -->
