<?xml version="1.0" encoding="UTF-8"?>
<!-- Generated by org.testng.reporters.JUnitReportReporter -->
<testsuite hostname="LAPTOP-H6LHOJ5I" failures="0" tests="1" name="TestCases.SliderSelection" time="4.525" errors="0" timestamp="2024-11-24T01:45:32 IST" skipped="0">
  <testcase classname="TestCases.SliderSelection" name="TestCase" time="4.525"/>
  <system-out/>
</testsuite> <!-- TestCases.SliderSelection -->
