<?xml version="1.0" encoding="UTF-8"?>
<!-- Generated by org.testng.reporters.JUnitReportReporter -->
<testsuite hostname="LAPTOP-H6LHOJ5I" failures="0" tests="1" name="TestCases.TcExecution" time="3.759" errors="0" timestamp="2024-11-25T07:12:08 IST" skipped="0">
  <testcase classname="TestCases.TcExecution" name="TestCase" time="3.759"/>
  <system-out/>
</testsuite> <!-- TestCases.TcExecution -->
