<?xml version="1.0" encoding="UTF-8"?>
<!-- Generated by org.testng.reporters.JUnitReportReporter -->
<testsuite hostname="LAPTOP-H6LHOJ5I" failures="0" tests="2" name="TestCases.Scripting" time="6.744" errors="0" timestamp="2024-11-25T00:22:49 IST" skipped="0">
  <testcase classname="TestCases.Scripting" name="TestCase" time="3.499"/>
  <system-out/>
  <testcase classname="TestCases.Scripting" name="TestCase2" time="3.245"/>
  <system-out/>
</testsuite> <!-- TestCases.Scripting -->
