<?xml version="1.0" encoding="UTF-8"?>
<!-- Generated by org.testng.reporters.JUnitReportReporter -->
<testsuite hostname="LAPTOP-H6LHOJ5I" failures="0" tests="3" name="assignment.TestCaseExecution" time="24.958" errors="0" timestamp="2024-11-25T10:33:04 IST" skipped="0">
  <testcase classname="assignment.TestCaseExecution" name="TestCase4" time="13.097"/>
  <system-out/>
  <testcase classname="assignment.TestCaseExecution" name="TestCase3" time="3.512"/>
  <system-out/>
  <testcase classname="assignment.TestCaseExecution" name="TestCase1" time="8.349"/>
  <system-out/>
</testsuite> <!-- assignment.TestCaseExecution -->
