<?xml version="1.0" encoding="UTF-8"?>
<!-- Generated by org.testng.reporters.JUnitReportReporter -->
<testsuite hostname="LAPTOP-H6LHOJ5I" failures="0" tests="3" name="assignment.Scripting" time="65.193" errors="0" timestamp="2024-11-25T09:20:46 IST" skipped="0">
  <testcase classname="assignment.Scripting" name="TestCase4" time="53.312"/>
  <system-out/>
  <testcase classname="assignment.Scripting" name="TestCase1" time="8.328"/>
  <system-out/>
  <testcase classname="assignment.Scripting" name="TestCase3" time="3.553"/>
  <system-out/>
</testsuite> <!-- assignment.Scripting -->
